<?xml version="1.0" encoding="UTF-8"?>
<!-- Generated by org.testng.reporters.JUnitXMLReporter -->
<testsuite ignored="0" hostname="LAPTOP-TA55IDD4" failures="1" tests="1" name="sprint 1-- chrome" time="16.156" errors="0" timestamp="2022-11-17T20:30:08 GMT">
  <testcase classname="TestNG.Amazon2" name="amazon" time="5.494">
    <failure type="java.lang.AssertionError" message="The following asserts failed:
	expected [https://www.1amazon.com] but found [https://www.amazon.com/s?k=computer&amp;amp;ref=nb_sb_noss]">
      <![CDATA[java.lang.AssertionError: The following asserts failed:
expected [https://www.1amazon.com] but found [https://www.amazon.com/s?k=computer&ref=nb_sb_noss]
at TestNG.Amazon2.amazon(Amazon2.java:48)
at java.base/java.util.ArrayList.forEach(ArrayList.java:1541)
at java.base/java.util.concurrent.FutureTask.run(FutureTask.java:264)
at java.base/java.util.concurrent.ThreadPoolExecutor.runWorker(ThreadPoolExecutor.java:1128)
at java.base/java.util.concurrent.ThreadPoolExecutor$Worker.run(ThreadPoolExecutor.java:628)
at java.base/java.lang.Thread.run(Thread.java:834)
... Removed 19 stack frames]]>
    </failure>
  </testcase> <!-- amazon -->
</testsuite> <!-- sprint 1- chrome -->
